CRITICAL - 2023-03-10 11:17:09 --> The action you requested is not allowed.
in SYSTEMPATH/Security/Security.php on line 306.
 1 SYSTEMPATH/Security/Security.php(306): CodeIgniter\Security\Exceptions\SecurityException::forDisallowedAction()
 2 SYSTEMPATH/Filters/CSRF.php(55): CodeIgniter\Security\Security->verify()
 3 SYSTEMPATH/Filters/Filters.php(173): CodeIgniter\Filters\CSRF->before()
 4 SYSTEMPATH/CodeIgniter.php(472): CodeIgniter\Filters\Filters->run()
 5 SYSTEMPATH/CodeIgniter.php(367): CodeIgniter\CodeIgniter->handleRequest()
 6 FCPATH/index.php(77): CodeIgniter\CodeIgniter->run()
CRITICAL - 2023-03-10 11:17:25 --> The action you requested is not allowed.
in SYSTEMPATH/Security/Security.php on line 306.
 1 SYSTEMPATH/Security/Security.php(306): CodeIgniter\Security\Exceptions\SecurityException::forDisallowedAction()
 2 SYSTEMPATH/Filters/CSRF.php(55): CodeIgniter\Security\Security->verify()
 3 SYSTEMPATH/Filters/Filters.php(173): CodeIgniter\Filters\CSRF->before()
 4 SYSTEMPATH/CodeIgniter.php(472): CodeIgniter\Filters\Filters->run()
 5 SYSTEMPATH/CodeIgniter.php(367): CodeIgniter\CodeIgniter->handleRequest()
 6 FCPATH/index.php(77): CodeIgniter\CodeIgniter->run()
CRITICAL - 2023-03-10 11:17:33 --> The action you requested is not allowed.
in SYSTEMPATH/Security/Security.php on line 306.
 1 SYSTEMPATH/Security/Security.php(306): CodeIgniter\Security\Exceptions\SecurityException::forDisallowedAction()
 2 SYSTEMPATH/Filters/CSRF.php(55): CodeIgniter\Security\Security->verify()
 3 SYSTEMPATH/Filters/Filters.php(173): CodeIgniter\Filters\CSRF->before()
 4 SYSTEMPATH/CodeIgniter.php(472): CodeIgniter\Filters\Filters->run()
 5 SYSTEMPATH/CodeIgniter.php(367): CodeIgniter\CodeIgniter->handleRequest()
 6 FCPATH/index.php(77): CodeIgniter\CodeIgniter->run()
CRITICAL - 2023-03-10 11:18:02 --> The action you requested is not allowed.
in SYSTEMPATH/Security/Security.php on line 306.
 1 SYSTEMPATH/Security/Security.php(306): CodeIgniter\Security\Exceptions\SecurityException::forDisallowedAction()
 2 SYSTEMPATH/Filters/CSRF.php(55): CodeIgniter\Security\Security->verify()
 3 SYSTEMPATH/Filters/Filters.php(173): CodeIgniter\Filters\CSRF->before()
 4 SYSTEMPATH/CodeIgniter.php(472): CodeIgniter\Filters\Filters->run()
 5 SYSTEMPATH/CodeIgniter.php(367): CodeIgniter\CodeIgniter->handleRequest()
 6 FCPATH/index.php(77): CodeIgniter\CodeIgniter->run()
